<?xml version="1.0" encoding="UTF-8"?>
<testng-results ignored="0" total="1" passed="1" failed="0" skipped="0">
  <reporter-output>
  </reporter-output>
  <suite started-at="2022-07-08T13:26:19 IST" name="Default suite" finished-at="2022-07-08T13:26:19 IST" duration-ms="181">
    <groups>
    </groups>
    <test started-at="2022-07-08T13:26:19 IST" name="Default test" finished-at="2022-07-08T13:26:19 IST" duration-ms="181">
      <class name="listing.list">
        <test-method is-config="true" signature="beforeSuite()[pri:0, instance:listing.list@4dbb42b7]" started-at="2022-07-08T13:26:14 IST" name="beforeSuite" finished-at="2022-07-08T13:26:19 IST" duration-ms="5066" status="PASS">
          <reporter-output>
          </reporter-output>
        </test-method> <!-- beforeSuite -->
        <test-method signature="destinations()[pri:0, instance:listing.list@4dbb42b7]" started-at="2022-07-08T13:26:19 IST" name="destinations" finished-at="2022-07-08T13:26:19 IST" duration-ms="162" status="PASS">
          <reporter-output>
          </reporter-output>
        </test-method> <!-- destinations -->
        <test-method is-config="true" signature="afterSuite()[pri:0, instance:listing.list@4dbb42b7]" started-at="2022-07-08T13:26:19 IST" name="afterSuite" finished-at="2022-07-08T13:26:19 IST" duration-ms="0" status="PASS">
          <reporter-output>
          </reporter-output>
        </test-method> <!-- afterSuite -->
      </class> <!-- listing.list -->
    </test> <!-- Default test -->
  </suite> <!-- Default suite -->
</testng-results>
